[0.022s] Invoking command in '/ws/src/ros2_fundamentals_examples/build/ros2_fundamentals_examples': CMAKE_PREFIX_PATH=${CMAKE_PREFIX_PATH}:/opt/ros/jazzy /usr/bin/cmake --build /ws/src/ros2_fundamentals_examples/build/ros2_fundamentals_examples -- -j8 -l8
[0.074s] -- Found ament_cmake: 2.5.4 (/opt/ros/jazzy/share/ament_cmake/cmake)
[0.482s] -- Found rclcpp: 28.1.11 (/opt/ros/jazzy/share/rclcpp/cmake)
[0.536s] -- Found rosidl_generator_c: 4.6.6 (/opt/ros/jazzy/share/rosidl_generator_c/cmake)
[0.554s] -- Found rosidl_generator_cpp: 4.6.6 (/opt/ros/jazzy/share/rosidl_generator_cpp/cmake)
[0.575s] -- Using all available rosidl_typesupport_c: rosidl_typesupport_fastrtps_c;rosidl_typesupport_introspection_c
[0.602s] -- Using all available rosidl_typesupport_cpp: rosidl_typesupport_fastrtps_cpp;rosidl_typesupport_introspection_cpp
[0.724s] -- Found rmw_implementation_cmake: 7.3.2 (/opt/ros/jazzy/share/rmw_implementation_cmake/cmake)
[0.726s] -- Found rmw_fastrtps_cpp: 8.4.3 (/opt/ros/jazzy/share/rmw_fastrtps_cpp/cmake)
[0.849s] -- Using RMW implementation 'rmw_fastrtps_cpp' as default
[0.974s] -- Found ament_lint_auto: 0.17.3 (/opt/ros/jazzy/share/ament_lint_auto/cmake)
[1.175s] -- Added test 'cppcheck' to perform static code analysis on C / C++ code
[1.175s] -- Configured cppcheck include dirs: 
[1.175s] -- Configured cppcheck exclude dirs and/or files: 
[1.180s] -- Added test 'flake8' to check Python code syntax and style conventions
[1.180s] -- Configured 'flake8' exclude dirs and/or files: 
[1.187s] -- Added test 'lint_cmake' to check CMake code style
[1.191s] -- Added test 'pep257' to check Python code against some of the docstring style conventions in PEP 257
[1.212s] -- Added test 'uncrustify' to check C / C++ code style
[1.212s] -- Configured uncrustify additional arguments: 
[1.217s] -- Added test 'xmllint' to check XML markup files
[1.219s] -- Configuring done (1.2s)
[1.243s] -- Generating done (0.0s)
[1.249s] -- Build files have been written to: /ws/src/ros2_fundamentals_examples/build/ros2_fundamentals_examples
[1.340s] [ 50%] [32m[1mLinking CXX executable minimal_publisher[0m
[1.562s] /usr/bin/ld: /usr/lib/gcc/x86_64-linux-gnu/13/../../../x86_64-linux-gnu/Scrt1.o: in function `_start':
[1.563s] (.text+0x1b): undefined reference to `main'
[1.572s] collect2: error: ld returned 1 exit status
[1.575s] gmake[2]: *** [CMakeFiles/minimal_publisher.dir/build.make:163: minimal_publisher] Error 1
[1.575s] gmake[1]: *** [CMakeFiles/Makefile2:137: CMakeFiles/minimal_publisher.dir/all] Error 2
[1.575s] gmake: *** [Makefile:146: all] Error 2
[1.579s] Invoked command in '/ws/src/ros2_fundamentals_examples/build/ros2_fundamentals_examples' returned '2': CMAKE_PREFIX_PATH=${CMAKE_PREFIX_PATH}:/opt/ros/jazzy /usr/bin/cmake --build /ws/src/ros2_fundamentals_examples/build/ros2_fundamentals_examples -- -j8 -l8
