[0.019s] Invoking command in '/ws/src/ros2_fundamentals_examples/build/ros2_fundamentals_examples': CMAKE_PREFIX_PATH=${CMAKE_PREFIX_PATH}:/opt/ros/jazzy /usr/bin/cmake /ws/src/ros2_fundamentals_examples -DCMAKE_INSTALL_PREFIX=/ws/src/ros2_fundamentals_examples/install/ros2_fundamentals_examples
[0.121s] -- The C compiler identification is GNU 13.3.0
[0.224s] -- The CXX compiler identification is GNU 13.3.0
[0.251s] -- Detecting C compiler ABI info
[0.410s] -- Detecting C compiler ABI info - done
[0.428s] -- Check for working C compiler: /usr/bin/cc - skipped
[0.428s] -- Detecting C compile features
[0.429s] -- Detecting C compile features - done
[0.446s] -- Detecting CXX compiler ABI info
[0.633s] -- Detecting CXX compiler ABI info - done
[0.660s] -- Check for working CXX compiler: /usr/bin/c++ - skipped
[0.661s] -- Detecting CXX compile features
[0.662s] -- Detecting CXX compile features - done
[0.672s] -- Found ament_cmake: 2.5.4 (/opt/ros/jazzy/share/ament_cmake/cmake)
[0.963s] -- Found Python3: /usr/bin/python3 (found version "3.12.3") found components: Interpreter 
[1.231s] -- Found rclcpp: 28.1.11 (/opt/ros/jazzy/share/rclcpp/cmake)
[1.353s] -- Found rosidl_generator_c: 4.6.6 (/opt/ros/jazzy/share/rosidl_generator_c/cmake)
[1.395s] -- Found rosidl_generator_cpp: 4.6.6 (/opt/ros/jazzy/share/rosidl_generator_cpp/cmake)
[1.442s] -- Using all available rosidl_typesupport_c: rosidl_typesupport_fastrtps_c;rosidl_typesupport_introspection_c
[1.491s] -- Using all available rosidl_typesupport_cpp: rosidl_typesupport_fastrtps_cpp;rosidl_typesupport_introspection_cpp
[1.691s] -- Found rmw_implementation_cmake: 7.3.2 (/opt/ros/jazzy/share/rmw_implementation_cmake/cmake)
[1.702s] -- Found rmw_fastrtps_cpp: 8.4.3 (/opt/ros/jazzy/share/rmw_fastrtps_cpp/cmake)
[1.876s] -- Found OpenSSL: /usr/lib/x86_64-linux-gnu/libcrypto.so (found version "3.0.13")  
[1.913s] -- Found FastRTPS: /opt/ros/jazzy/include (Required is at least version "2.13") 
[1.958s] -- Using RMW implementation 'rmw_fastrtps_cpp' as default
[2.142s] -- Found ament_lint_auto: 0.17.3 (/opt/ros/jazzy/share/ament_lint_auto/cmake)
[2.384s] -- Added test 'cppcheck' to perform static code analysis on C / C++ code
[2.384s] -- Configured cppcheck include dirs: 
[2.384s] -- Configured cppcheck exclude dirs and/or files: 
[2.389s] -- Added test 'lint_cmake' to check CMake code style
[2.401s] -- Added test 'uncrustify' to check C / C++ code style
[2.401s] -- Configured uncrustify additional arguments: 
[2.404s] -- Added test 'xmllint' to check XML markup files
[2.407s] -- Configuring done (2.4s)
[2.429s] -- Generating done (0.0s)
[2.439s] -- Build files have been written to: /ws/src/ros2_fundamentals_examples/build/ros2_fundamentals_examples
[2.453s] Invoked command in '/ws/src/ros2_fundamentals_examples/build/ros2_fundamentals_examples' returned '0': CMAKE_PREFIX_PATH=${CMAKE_PREFIX_PATH}:/opt/ros/jazzy /usr/bin/cmake /ws/src/ros2_fundamentals_examples -DCMAKE_INSTALL_PREFIX=/ws/src/ros2_fundamentals_examples/install/ros2_fundamentals_examples
[2.455s] Invoking command in '/ws/src/ros2_fundamentals_examples/build/ros2_fundamentals_examples': CMAKE_PREFIX_PATH=${CMAKE_PREFIX_PATH}:/opt/ros/jazzy /usr/bin/cmake --build /ws/src/ros2_fundamentals_examples/build/ros2_fundamentals_examples -- -j8 -l8
[2.554s] [ 50%] [32mBuilding CXX object CMakeFiles/minimal_publisher.dir/src/MinimalPublisher.cpp.o[0m
[7.698s] [100%] [32m[1mLinking CXX executable minimal_publisher[0m
[7.931s] /usr/bin/ld: /usr/lib/gcc/x86_64-linux-gnu/13/../../../x86_64-linux-gnu/Scrt1.o: in function `_start':
[7.931s] (.text+0x1b): undefined reference to `main'
[7.938s] collect2: error: ld returned 1 exit status
[7.941s] gmake[2]: *** [CMakeFiles/minimal_publisher.dir/build.make:163: minimal_publisher] Error 1
[7.941s] gmake[1]: *** [CMakeFiles/Makefile2:137: CMakeFiles/minimal_publisher.dir/all] Error 2
[7.941s] gmake: *** [Makefile:146: all] Error 2
[7.945s] Invoked command in '/ws/src/ros2_fundamentals_examples/build/ros2_fundamentals_examples' returned '2': CMAKE_PREFIX_PATH=${CMAKE_PREFIX_PATH}:/opt/ros/jazzy /usr/bin/cmake --build /ws/src/ros2_fundamentals_examples/build/ros2_fundamentals_examples -- -j8 -l8
