[0.009s] Invoking command in '/ws/src/ros2_fundamentals_examples/build/ros2_fundamentals_examples': CMAKE_PREFIX_PATH=${CMAKE_PREFIX_PATH}:/opt/ros/jazzy /usr/bin/cmake --build /ws/src/ros2_fundamentals_examples/build/ros2_fundamentals_examples -- -j8 -l8
[0.063s] [100%] Built target minimal_publisher
[0.072s] Invoked command in '/ws/src/ros2_fundamentals_examples/build/ros2_fundamentals_examples' returned '0': CMAKE_PREFIX_PATH=${CMAKE_PREFIX_PATH}:/opt/ros/jazzy /usr/bin/cmake --build /ws/src/ros2_fundamentals_examples/build/ros2_fundamentals_examples -- -j8 -l8
[0.079s] Invoking command in '/ws/src/ros2_fundamentals_examples/build/ros2_fundamentals_examples': CMAKE_PREFIX_PATH=${CMAKE_PREFIX_PATH}:/opt/ros/jazzy /usr/bin/cmake --install /ws/src/ros2_fundamentals_examples/build/ros2_fundamentals_examples
[0.086s] -- Install configuration: ""
[0.086s] -- Up-to-date: /ws/src/ros2_fundamentals_examples/install/ros2_fundamentals_examples/lib/ros2_fundamentals_examples/minimal_publisher
[0.086s] -- Up-to-date: /ws/src/ros2_fundamentals_examples/install/ros2_fundamentals_examples/share/ament_index/resource_index/package_run_dependencies/ros2_fundamentals_examples
[0.086s] -- Up-to-date: /ws/src/ros2_fundamentals_examples/install/ros2_fundamentals_examples/share/ament_index/resource_index/parent_prefix_path/ros2_fundamentals_examples
[0.087s] -- Up-to-date: /ws/src/ros2_fundamentals_examples/install/ros2_fundamentals_examples/share/ros2_fundamentals_examples/environment/ament_prefix_path.sh
[0.087s] -- Up-to-date: /ws/src/ros2_fundamentals_examples/install/ros2_fundamentals_examples/share/ros2_fundamentals_examples/environment/ament_prefix_path.dsv
[0.087s] -- Up-to-date: /ws/src/ros2_fundamentals_examples/install/ros2_fundamentals_examples/share/ros2_fundamentals_examples/environment/path.sh
[0.087s] -- Up-to-date: /ws/src/ros2_fundamentals_examples/install/ros2_fundamentals_examples/share/ros2_fundamentals_examples/environment/path.dsv
[0.087s] -- Up-to-date: /ws/src/ros2_fundamentals_examples/install/ros2_fundamentals_examples/share/ros2_fundamentals_examples/local_setup.bash
[0.087s] -- Up-to-date: /ws/src/ros2_fundamentals_examples/install/ros2_fundamentals_examples/share/ros2_fundamentals_examples/local_setup.sh
[0.087s] -- Up-to-date: /ws/src/ros2_fundamentals_examples/install/ros2_fundamentals_examples/share/ros2_fundamentals_examples/local_setup.zsh
[0.087s] -- Up-to-date: /ws/src/ros2_fundamentals_examples/install/ros2_fundamentals_examples/share/ros2_fundamentals_examples/local_setup.dsv
[0.087s] -- Installing: /ws/src/ros2_fundamentals_examples/install/ros2_fundamentals_examples/share/ros2_fundamentals_examples/package.dsv
[0.087s] -- Up-to-date: /ws/src/ros2_fundamentals_examples/install/ros2_fundamentals_examples/share/ament_index/resource_index/packages/ros2_fundamentals_examples
[0.087s] -- Up-to-date: /ws/src/ros2_fundamentals_examples/install/ros2_fundamentals_examples/share/ros2_fundamentals_examples/cmake/ros2_fundamentals_examplesConfig.cmake
[0.088s] -- Up-to-date: /ws/src/ros2_fundamentals_examples/install/ros2_fundamentals_examples/share/ros2_fundamentals_examples/cmake/ros2_fundamentals_examplesConfig-version.cmake
[0.088s] -- Up-to-date: /ws/src/ros2_fundamentals_examples/install/ros2_fundamentals_examples/share/ros2_fundamentals_examples/package.xml
[0.088s] Invoked command in '/ws/src/ros2_fundamentals_examples/build/ros2_fundamentals_examples' returned '0': CMAKE_PREFIX_PATH=${CMAKE_PREFIX_PATH}:/opt/ros/jazzy /usr/bin/cmake --install /ws/src/ros2_fundamentals_examples/build/ros2_fundamentals_examples
