[0.082s] DEBUG:colcon:Command line arguments: ['/usr/bin/colcon', 'build']
[0.082s] DEBUG:colcon:Parsed command line arguments: Namespace(log_base=None, log_level=None, verb_name='build', build_base='build', install_base='install', merge_install=False, symlink_install=False, test_result_base=None, continue_on_error=False, executor='parallel', parallel_workers=8, event_handlers=None, ignore_user_meta=False, metas=['./colcon.meta'], base_paths=['.'], packages_ignore=None, packages_ignore_regex=None, paths=None, packages_up_to=None, packages_up_to_regex=None, packages_above=None, packages_above_and_dependencies=None, packages_above_depth=None, packages_select_by_dep=None, packages_skip_by_dep=None, packages_skip_up_to=None, packages_select_build_failed=False, packages_skip_build_finished=False, packages_select_test_failures=False, packages_skip_test_passed=False, packages_select=None, packages_skip=None, packages_select_regex=None, packages_skip_regex=None, packages_start=None, packages_end=None, cmake_args=None, cmake_target=None, cmake_target_skip_unavailable=False, cmake_clean_cache=False, cmake_clean_first=False, cmake_force_configure=False, ament_cmake_args=None, catkin_cmake_args=None, catkin_skip_building_tests=False, mixin_files=None, mixin=None, verb_parser=<colcon_mixin.mixin.mixin_argument.MixinArgumentDecorator object at 0x7cb82d4f53a0>, verb_extension=<colcon_core.verb.build.BuildVerb object at 0x7cb82d620f20>, main=<bound method BuildVerb.main of <colcon_core.verb.build.BuildVerb object at 0x7cb82d620f20>>, mixin_verb=('build',))
[0.112s] Level 1:colcon.colcon_core.package_discovery:discover_packages(colcon_meta) check parameters
[0.112s] Level 1:colcon.colcon_core.package_discovery:discover_packages(recursive) check parameters
[0.112s] Level 1:colcon.colcon_core.package_discovery:discover_packages(ignore) check parameters
[0.112s] Level 1:colcon.colcon_core.package_discovery:discover_packages(path) check parameters
[0.112s] Level 1:colcon.colcon_core.package_discovery:discover_packages(colcon_meta) discover
[0.112s] Level 1:colcon.colcon_core.package_discovery:discover_packages(recursive) discover
[0.112s] INFO:colcon.colcon_core.package_discovery:Crawling recursively for packages in '/ws/src/ros2_fundamentals_examples'
[0.112s] Level 1:colcon.colcon_core.package_identification:_identify(.) by extensions ['ignore', 'ignore_ament_install']
[0.112s] Level 1:colcon.colcon_core.package_identification:_identify(.) by extension 'ignore'
[0.112s] Level 1:colcon.colcon_core.package_identification:_identify(.) by extension 'ignore_ament_install'
[0.112s] Level 1:colcon.colcon_core.package_identification:_identify(.) by extensions ['colcon_pkg']
[0.112s] Level 1:colcon.colcon_core.package_identification:_identify(.) by extension 'colcon_pkg'
[0.112s] Level 1:colcon.colcon_core.package_identification:_identify(.) by extensions ['colcon_meta']
[0.112s] Level 1:colcon.colcon_core.package_identification:_identify(.) by extension 'colcon_meta'
[0.112s] Level 1:colcon.colcon_core.package_identification:_identify(.) by extensions ['ros']
[0.112s] Level 1:colcon.colcon_core.package_identification:_identify(.) by extension 'ros'
[0.134s] DEBUG:colcon.colcon_core.package_identification:Package '.' with type 'ros.ament_cmake' and name 'ros2_fundamentals_examples'
[0.134s] Level 1:colcon.colcon_core.package_discovery:discover_packages(recursive) using defaults
[0.134s] Level 1:colcon.colcon_core.package_discovery:discover_packages(ignore) discover
[0.134s] Level 1:colcon.colcon_core.package_discovery:discover_packages(ignore) using defaults
[0.134s] Level 1:colcon.colcon_core.package_discovery:discover_packages(path) discover
[0.134s] Level 1:colcon.colcon_core.package_discovery:discover_packages(path) using defaults
[0.147s] Level 5:colcon.colcon_core.verb:set package 'ros2_fundamentals_examples' build argument 'cmake_args' from command line to 'None'
[0.147s] Level 5:colcon.colcon_core.verb:set package 'ros2_fundamentals_examples' build argument 'cmake_target' from command line to 'None'
[0.147s] Level 5:colcon.colcon_core.verb:set package 'ros2_fundamentals_examples' build argument 'cmake_target_skip_unavailable' from command line to 'False'
[0.147s] Level 5:colcon.colcon_core.verb:set package 'ros2_fundamentals_examples' build argument 'cmake_clean_cache' from command line to 'False'
[0.147s] Level 5:colcon.colcon_core.verb:set package 'ros2_fundamentals_examples' build argument 'cmake_clean_first' from command line to 'False'
[0.147s] Level 5:colcon.colcon_core.verb:set package 'ros2_fundamentals_examples' build argument 'cmake_force_configure' from command line to 'False'
[0.147s] Level 5:colcon.colcon_core.verb:set package 'ros2_fundamentals_examples' build argument 'ament_cmake_args' from command line to 'None'
[0.147s] Level 5:colcon.colcon_core.verb:set package 'ros2_fundamentals_examples' build argument 'catkin_cmake_args' from command line to 'None'
[0.147s] Level 5:colcon.colcon_core.verb:set package 'ros2_fundamentals_examples' build argument 'catkin_skip_building_tests' from command line to 'False'
[0.147s] DEBUG:colcon.colcon_core.verb:Building package 'ros2_fundamentals_examples' with the following arguments: {'ament_cmake_args': None, 'build_base': '/ws/src/ros2_fundamentals_examples/build/ros2_fundamentals_examples', 'catkin_cmake_args': None, 'catkin_skip_building_tests': False, 'cmake_args': None, 'cmake_clean_cache': False, 'cmake_clean_first': False, 'cmake_force_configure': False, 'cmake_target': None, 'cmake_target_skip_unavailable': False, 'install_base': '/ws/src/ros2_fundamentals_examples/install/ros2_fundamentals_examples', 'merge_install': False, 'path': '/ws/src/ros2_fundamentals_examples', 'symlink_install': False, 'test_result_base': None}
[0.147s] INFO:colcon.colcon_core.executor:Executing jobs using 'parallel' executor
[0.148s] DEBUG:colcon.colcon_parallel_executor.executor.parallel:run_until_complete
[0.148s] INFO:colcon.colcon_ros.task.ament_cmake.build:Building ROS package in '/ws/src/ros2_fundamentals_examples' with build type 'ament_cmake'
[0.148s] INFO:colcon.colcon_cmake.task.cmake.build:Building CMake package in '/ws/src/ros2_fundamentals_examples'
[0.150s] INFO:colcon.colcon_core.plugin_system:Skipping extension 'colcon_core.shell.bat': Not used on non-Windows systems
[0.150s] INFO:colcon.colcon_core.shell:Skip shell extension 'powershell' for command environment: Not usable outside of PowerShell
[0.150s] DEBUG:colcon.colcon_core.shell:Skip shell extension 'dsv' for command environment
[0.157s] DEBUG:colcon.colcon_core.event_handler.log_command:Invoking command in '/ws/src/ros2_fundamentals_examples/build/ros2_fundamentals_examples': CMAKE_PREFIX_PATH=${CMAKE_PREFIX_PATH}:/opt/ros/jazzy /usr/bin/cmake --build /ws/src/ros2_fundamentals_examples/build/ros2_fundamentals_examples -- -j8 -l8
[3.904s] DEBUG:colcon.colcon_core.event_handler.log_command:Invoked command in '/ws/src/ros2_fundamentals_examples/build/ros2_fundamentals_examples' returned '0': CMAKE_PREFIX_PATH=${CMAKE_PREFIX_PATH}:/opt/ros/jazzy /usr/bin/cmake --build /ws/src/ros2_fundamentals_examples/build/ros2_fundamentals_examples -- -j8 -l8
[3.912s] DEBUG:colcon.colcon_core.event_handler.log_command:Invoking command in '/ws/src/ros2_fundamentals_examples/build/ros2_fundamentals_examples': CMAKE_PREFIX_PATH=${CMAKE_PREFIX_PATH}:/opt/ros/jazzy /usr/bin/cmake --install /ws/src/ros2_fundamentals_examples/build/ros2_fundamentals_examples
[3.922s] Level 1:colcon.colcon_core.environment:create_environment_scripts_only(ros2_fundamentals_examples)
[3.922s] DEBUG:colcon.colcon_core.event_handler.log_command:Invoked command in '/ws/src/ros2_fundamentals_examples/build/ros2_fundamentals_examples' returned '0': CMAKE_PREFIX_PATH=${CMAKE_PREFIX_PATH}:/opt/ros/jazzy /usr/bin/cmake --install /ws/src/ros2_fundamentals_examples/build/ros2_fundamentals_examples
[3.924s] Level 1:colcon.colcon_core.environment:checking '/ws/src/ros2_fundamentals_examples/install/ros2_fundamentals_examples' for CMake module files
[3.925s] Level 1:colcon.colcon_core.environment:checking '/ws/src/ros2_fundamentals_examples/install/ros2_fundamentals_examples' for CMake config files
[3.925s] Level 1:colcon.colcon_core.shell:create_environment_hook('ros2_fundamentals_examples', 'cmake_prefix_path')
[3.925s] INFO:colcon.colcon_core.shell:Creating environment hook '/ws/src/ros2_fundamentals_examples/install/ros2_fundamentals_examples/share/ros2_fundamentals_examples/hook/cmake_prefix_path.ps1'
[3.926s] INFO:colcon.colcon_core.shell:Creating environment descriptor '/ws/src/ros2_fundamentals_examples/install/ros2_fundamentals_examples/share/ros2_fundamentals_examples/hook/cmake_prefix_path.dsv'
[3.926s] INFO:colcon.colcon_core.shell:Creating environment hook '/ws/src/ros2_fundamentals_examples/install/ros2_fundamentals_examples/share/ros2_fundamentals_examples/hook/cmake_prefix_path.sh'
[3.927s] Level 1:colcon.colcon_core.environment:checking '/ws/src/ros2_fundamentals_examples/install/ros2_fundamentals_examples/lib'
[3.927s] Level 1:colcon.colcon_core.environment:checking '/ws/src/ros2_fundamentals_examples/install/ros2_fundamentals_examples/bin'
[3.927s] Level 1:colcon.colcon_core.environment:checking '/ws/src/ros2_fundamentals_examples/install/ros2_fundamentals_examples/lib/pkgconfig/ros2_fundamentals_examples.pc'
[3.928s] Level 1:colcon.colcon_core.environment:checking '/ws/src/ros2_fundamentals_examples/install/ros2_fundamentals_examples/lib/python3.12/site-packages'
[3.929s] Level 1:colcon.colcon_core.environment:checking '/ws/src/ros2_fundamentals_examples/install/ros2_fundamentals_examples/bin'
[3.929s] INFO:colcon.colcon_core.shell:Creating package script '/ws/src/ros2_fundamentals_examples/install/ros2_fundamentals_examples/share/ros2_fundamentals_examples/package.ps1'
[3.929s] INFO:colcon.colcon_core.shell:Creating package descriptor '/ws/src/ros2_fundamentals_examples/install/ros2_fundamentals_examples/share/ros2_fundamentals_examples/package.dsv'
[3.930s] INFO:colcon.colcon_core.shell:Creating package script '/ws/src/ros2_fundamentals_examples/install/ros2_fundamentals_examples/share/ros2_fundamentals_examples/package.sh'
[3.930s] INFO:colcon.colcon_core.shell:Creating package script '/ws/src/ros2_fundamentals_examples/install/ros2_fundamentals_examples/share/ros2_fundamentals_examples/package.bash'
[3.931s] INFO:colcon.colcon_core.shell:Creating package script '/ws/src/ros2_fundamentals_examples/install/ros2_fundamentals_examples/share/ros2_fundamentals_examples/package.zsh'
[3.931s] Level 1:colcon.colcon_core.environment:create_file_with_runtime_dependencies(/ws/src/ros2_fundamentals_examples/install/ros2_fundamentals_examples/share/colcon-core/packages/ros2_fundamentals_examples)
[3.931s] Level 1:colcon.colcon_core.environment:create_environment_scripts_only(ros2_fundamentals_examples)
[3.931s] Level 1:colcon.colcon_core.environment:checking '/ws/src/ros2_fundamentals_examples/install/ros2_fundamentals_examples' for CMake module files
[3.932s] Level 1:colcon.colcon_core.environment:checking '/ws/src/ros2_fundamentals_examples/install/ros2_fundamentals_examples' for CMake config files
[3.932s] Level 1:colcon.colcon_core.shell:create_environment_hook('ros2_fundamentals_examples', 'cmake_prefix_path')
[3.932s] INFO:colcon.colcon_core.shell:Creating environment hook '/ws/src/ros2_fundamentals_examples/install/ros2_fundamentals_examples/share/ros2_fundamentals_examples/hook/cmake_prefix_path.ps1'
[3.933s] INFO:colcon.colcon_core.shell:Creating environment descriptor '/ws/src/ros2_fundamentals_examples/install/ros2_fundamentals_examples/share/ros2_fundamentals_examples/hook/cmake_prefix_path.dsv'
[3.933s] INFO:colcon.colcon_core.shell:Creating environment hook '/ws/src/ros2_fundamentals_examples/install/ros2_fundamentals_examples/share/ros2_fundamentals_examples/hook/cmake_prefix_path.sh'
[3.933s] Level 1:colcon.colcon_core.environment:checking '/ws/src/ros2_fundamentals_examples/install/ros2_fundamentals_examples/lib'
[3.933s] Level 1:colcon.colcon_core.environment:checking '/ws/src/ros2_fundamentals_examples/install/ros2_fundamentals_examples/bin'
[3.933s] Level 1:colcon.colcon_core.environment:checking '/ws/src/ros2_fundamentals_examples/install/ros2_fundamentals_examples/lib/pkgconfig/ros2_fundamentals_examples.pc'
[3.934s] Level 1:colcon.colcon_core.environment:checking '/ws/src/ros2_fundamentals_examples/install/ros2_fundamentals_examples/lib/python3.12/site-packages'
[3.934s] Level 1:colcon.colcon_core.environment:checking '/ws/src/ros2_fundamentals_examples/install/ros2_fundamentals_examples/bin'
[3.934s] INFO:colcon.colcon_core.shell:Creating package script '/ws/src/ros2_fundamentals_examples/install/ros2_fundamentals_examples/share/ros2_fundamentals_examples/package.ps1'
[3.934s] INFO:colcon.colcon_core.shell:Creating package descriptor '/ws/src/ros2_fundamentals_examples/install/ros2_fundamentals_examples/share/ros2_fundamentals_examples/package.dsv'
[3.935s] INFO:colcon.colcon_core.shell:Creating package script '/ws/src/ros2_fundamentals_examples/install/ros2_fundamentals_examples/share/ros2_fundamentals_examples/package.sh'
[3.935s] INFO:colcon.colcon_core.shell:Creating package script '/ws/src/ros2_fundamentals_examples/install/ros2_fundamentals_examples/share/ros2_fundamentals_examples/package.bash'
[3.935s] INFO:colcon.colcon_core.shell:Creating package script '/ws/src/ros2_fundamentals_examples/install/ros2_fundamentals_examples/share/ros2_fundamentals_examples/package.zsh'
[3.936s] Level 1:colcon.colcon_core.environment:create_file_with_runtime_dependencies(/ws/src/ros2_fundamentals_examples/install/ros2_fundamentals_examples/share/colcon-core/packages/ros2_fundamentals_examples)
[3.936s] DEBUG:colcon.colcon_parallel_executor.executor.parallel:closing loop
[3.936s] DEBUG:colcon.colcon_parallel_executor.executor.parallel:loop closed
[3.936s] DEBUG:colcon.colcon_parallel_executor.executor.parallel:run_until_complete finished with '0'
[3.936s] DEBUG:colcon.colcon_core.event_reactor:joining thread
[3.941s] INFO:colcon.colcon_core.plugin_system:Skipping extension 'colcon_notification.desktop_notification.notify_send': Could not find 'notify-send'
[3.941s] INFO:colcon.colcon_core.plugin_system:Skipping extension 'colcon_notification.desktop_notification.terminal_notifier': Not used on non-Darwin systems
[3.941s] INFO:colcon.colcon_core.plugin_system:Skipping extension 'colcon_notification.desktop_notification.win32': Not used on non-Windows systems
[3.941s] INFO:colcon.colcon_notification.desktop_notification:Sending desktop notification using 'notify2'
[3.943s] DEBUG:colcon.colcon_notification.desktop_notification.notify2:Failed to initialize notify2: org.freedesktop.DBus.Error.Spawn.ExecFailed: /usr/bin/dbus-launch terminated abnormally without any error message
[3.943s] DEBUG:colcon.colcon_core.event_reactor:joined thread
[3.944s] INFO:colcon.colcon_core.shell:Creating prefix script '/ws/src/ros2_fundamentals_examples/install/local_setup.ps1'
[3.944s] INFO:colcon.colcon_core.shell:Creating prefix util module '/ws/src/ros2_fundamentals_examples/install/_local_setup_util_ps1.py'
[3.945s] INFO:colcon.colcon_core.shell:Creating prefix chain script '/ws/src/ros2_fundamentals_examples/install/setup.ps1'
[3.946s] INFO:colcon.colcon_core.shell:Creating prefix script '/ws/src/ros2_fundamentals_examples/install/local_setup.sh'
[3.946s] INFO:colcon.colcon_core.shell:Creating prefix util module '/ws/src/ros2_fundamentals_examples/install/_local_setup_util_sh.py'
[3.947s] INFO:colcon.colcon_core.shell:Creating prefix chain script '/ws/src/ros2_fundamentals_examples/install/setup.sh'
[3.948s] INFO:colcon.colcon_core.shell:Creating prefix script '/ws/src/ros2_fundamentals_examples/install/local_setup.bash'
[3.948s] INFO:colcon.colcon_core.shell:Creating prefix chain script '/ws/src/ros2_fundamentals_examples/install/setup.bash'
[3.949s] INFO:colcon.colcon_core.shell:Creating prefix script '/ws/src/ros2_fundamentals_examples/install/local_setup.zsh'
[3.949s] INFO:colcon.colcon_core.shell:Creating prefix chain script '/ws/src/ros2_fundamentals_examples/install/setup.zsh'
